[0.140s] DEBUG:colcon:Command line arguments: ['/usr/bin/colcon', 'build']
[0.140s] DEBUG:colcon:Parsed command line arguments: Namespace(log_base=None, log_level=None, verb_name='build', build_base='build', install_base='install', merge_install=False, symlink_install=False, test_result_base=None, continue_on_error=False, executor='parallel', parallel_workers=6, event_handlers=None, ignore_user_meta=False, metas=['./colcon.meta'], base_paths=['.'], packages_ignore=None, packages_ignore_regex=None, paths=None, packages_up_to=None, packages_up_to_regex=None, packages_above=None, packages_above_and_dependencies=None, packages_above_depth=None, packages_select_by_dep=None, packages_skip_by_dep=None, packages_skip_up_to=None, packages_select_build_failed=False, packages_skip_build_finished=False, packages_select_test_failures=False, packages_skip_test_passed=False, packages_select=None, packages_skip=None, packages_select_regex=None, packages_skip_regex=None, packages_start=None, packages_end=None, allow_overriding=[], cmake_args=None, cmake_target=None, cmake_target_skip_unavailable=False, cmake_clean_cache=False, cmake_clean_first=False, cmake_force_configure=False, ament_cmake_args=None, catkin_cmake_args=None, catkin_skip_building_tests=False, mixin_files=None, mixin=None, verb_parser=<colcon_mixin.mixin.mixin_argument.MixinArgumentDecorator object at 0x7fdd3865af80>, verb_extension=<colcon_core.verb.build.BuildVerb object at 0x7fdd3875ff70>, main=<bound method BuildVerb.main of <colcon_core.verb.build.BuildVerb object at 0x7fdd3875ff70>>, mixin_verb=('build',))
[0.368s] Level 1:colcon.colcon_core.package_discovery:discover_packages(colcon_meta) check parameters
[0.368s] Level 1:colcon.colcon_core.package_discovery:discover_packages(recursive) check parameters
[0.368s] Level 1:colcon.colcon_core.package_discovery:discover_packages(ignore) check parameters
[0.368s] Level 1:colcon.colcon_core.package_discovery:discover_packages(path) check parameters
[0.368s] Level 1:colcon.colcon_core.package_discovery:discover_packages(colcon_meta) discover
[0.401s] Level 1:colcon.colcon_core.package_discovery:discover_packages(recursive) discover
[0.402s] INFO:colcon.colcon_core.package_discovery:Crawling recursively for packages in '/home/guerinel/Documents/info_rob/ROS2/TP3_controle_robotique_turtlebot'
[0.402s] Level 1:colcon.colcon_core.package_identification:_identify(.) by extensions ['ignore', 'ignore_ament_install']
[0.402s] Level 1:colcon.colcon_core.package_identification:_identify(.) by extension 'ignore'
[0.402s] Level 1:colcon.colcon_core.package_identification:_identify(.) by extension 'ignore_ament_install'
[0.402s] Level 1:colcon.colcon_core.package_identification:_identify(.) by extensions ['colcon_pkg']
[0.402s] Level 1:colcon.colcon_core.package_identification:_identify(.) by extension 'colcon_pkg'
[0.402s] Level 1:colcon.colcon_core.package_identification:_identify(.) by extensions ['colcon_meta']
[0.402s] Level 1:colcon.colcon_core.package_identification:_identify(.) by extension 'colcon_meta'
[0.402s] Level 1:colcon.colcon_core.package_identification:_identify(.) by extensions ['ros']
[0.402s] Level 1:colcon.colcon_core.package_identification:_identify(.) by extension 'ros'
[0.416s] Level 1:colcon.colcon_core.package_identification:_identify(.) by extensions ['cmake', 'python']
[0.416s] Level 1:colcon.colcon_core.package_identification:_identify(.) by extension 'cmake'
[0.416s] Level 1:colcon.colcon_core.package_identification:_identify(.) by extension 'python'
[0.417s] Level 1:colcon.colcon_core.package_identification:_identify(.) by extensions ['python_setup_py']
[0.417s] Level 1:colcon.colcon_core.package_identification:_identify(.) by extension 'python_setup_py'
[0.417s] Level 1:colcon.colcon_core.package_identification:_identify(build) by extensions ['ignore', 'ignore_ament_install']
[0.417s] Level 1:colcon.colcon_core.package_identification:_identify(build) by extension 'ignore'
[0.417s] Level 1:colcon.colcon_core.package_identification:_identify(build) ignored
[0.417s] Level 1:colcon.colcon_core.package_identification:_identify(install) by extensions ['ignore', 'ignore_ament_install']
[0.417s] Level 1:colcon.colcon_core.package_identification:_identify(install) by extension 'ignore'
[0.417s] Level 1:colcon.colcon_core.package_identification:_identify(install) ignored
[0.417s] Level 1:colcon.colcon_core.package_identification:_identify(log) by extensions ['ignore', 'ignore_ament_install']
[0.418s] Level 1:colcon.colcon_core.package_identification:_identify(log) by extension 'ignore'
[0.418s] Level 1:colcon.colcon_core.package_identification:_identify(log) ignored
[0.418s] Level 1:colcon.colcon_core.package_identification:_identify(plots) by extensions ['ignore', 'ignore_ament_install']
[0.418s] Level 1:colcon.colcon_core.package_identification:_identify(plots) by extension 'ignore'
[0.418s] Level 1:colcon.colcon_core.package_identification:_identify(plots) by extension 'ignore_ament_install'
[0.418s] Level 1:colcon.colcon_core.package_identification:_identify(plots) by extensions ['colcon_pkg']
[0.418s] Level 1:colcon.colcon_core.package_identification:_identify(plots) by extension 'colcon_pkg'
[0.418s] Level 1:colcon.colcon_core.package_identification:_identify(plots) by extensions ['colcon_meta']
[0.418s] Level 1:colcon.colcon_core.package_identification:_identify(plots) by extension 'colcon_meta'
[0.418s] Level 1:colcon.colcon_core.package_identification:_identify(plots) by extensions ['ros']
[0.418s] Level 1:colcon.colcon_core.package_identification:_identify(plots) by extension 'ros'
[0.418s] Level 1:colcon.colcon_core.package_identification:_identify(plots) by extensions ['cmake', 'python']
[0.418s] Level 1:colcon.colcon_core.package_identification:_identify(plots) by extension 'cmake'
[0.418s] Level 1:colcon.colcon_core.package_identification:_identify(plots) by extension 'python'
[0.418s] Level 1:colcon.colcon_core.package_identification:_identify(plots) by extensions ['python_setup_py']
[0.418s] Level 1:colcon.colcon_core.package_identification:_identify(plots) by extension 'python_setup_py'
[0.419s] Level 1:colcon.colcon_core.package_identification:_identify(src) by extensions ['ignore', 'ignore_ament_install']
[0.419s] Level 1:colcon.colcon_core.package_identification:_identify(src) by extension 'ignore'
[0.419s] Level 1:colcon.colcon_core.package_identification:_identify(src) by extension 'ignore_ament_install'
[0.419s] Level 1:colcon.colcon_core.package_identification:_identify(src) by extensions ['colcon_pkg']
[0.419s] Level 1:colcon.colcon_core.package_identification:_identify(src) by extension 'colcon_pkg'
[0.419s] Level 1:colcon.colcon_core.package_identification:_identify(src) by extensions ['colcon_meta']
[0.419s] Level 1:colcon.colcon_core.package_identification:_identify(src) by extension 'colcon_meta'
[0.419s] Level 1:colcon.colcon_core.package_identification:_identify(src) by extensions ['ros']
[0.419s] Level 1:colcon.colcon_core.package_identification:_identify(src) by extension 'ros'
[0.419s] Level 1:colcon.colcon_core.package_identification:_identify(src) by extensions ['cmake', 'python']
[0.419s] Level 1:colcon.colcon_core.package_identification:_identify(src) by extension 'cmake'
[0.419s] Level 1:colcon.colcon_core.package_identification:_identify(src) by extension 'python'
[0.419s] Level 1:colcon.colcon_core.package_identification:_identify(src) by extensions ['python_setup_py']
[0.419s] Level 1:colcon.colcon_core.package_identification:_identify(src) by extension 'python_setup_py'
[0.419s] Level 1:colcon.colcon_core.package_identification:_identify(src/turtlebot_controller) by extensions ['ignore', 'ignore_ament_install']
[0.419s] Level 1:colcon.colcon_core.package_identification:_identify(src/turtlebot_controller) by extension 'ignore'
[0.419s] Level 1:colcon.colcon_core.package_identification:_identify(src/turtlebot_controller) by extension 'ignore_ament_install'
[0.420s] Level 1:colcon.colcon_core.package_identification:_identify(src/turtlebot_controller) by extensions ['colcon_pkg']
[0.420s] Level 1:colcon.colcon_core.package_identification:_identify(src/turtlebot_controller) by extension 'colcon_pkg'
[0.420s] Level 1:colcon.colcon_core.package_identification:_identify(src/turtlebot_controller) by extensions ['colcon_meta']
[0.420s] Level 1:colcon.colcon_core.package_identification:_identify(src/turtlebot_controller) by extension 'colcon_meta'
[0.420s] Level 1:colcon.colcon_core.package_identification:_identify(src/turtlebot_controller) by extensions ['ros']
[0.420s] Level 1:colcon.colcon_core.package_identification:_identify(src/turtlebot_controller) by extension 'ros'
[0.424s] DEBUG:colcon.colcon_core.package_identification:Package 'src/turtlebot_controller' with type 'ros.ament_python' and name 'turtlebot_controller'
[0.425s] Level 1:colcon.colcon_core.package_identification:_identify(trajectoire_save) by extensions ['ignore', 'ignore_ament_install']
[0.425s] Level 1:colcon.colcon_core.package_identification:_identify(trajectoire_save) by extension 'ignore'
[0.425s] Level 1:colcon.colcon_core.package_identification:_identify(trajectoire_save) by extension 'ignore_ament_install'
[0.425s] Level 1:colcon.colcon_core.package_identification:_identify(trajectoire_save) by extensions ['colcon_pkg']
[0.425s] Level 1:colcon.colcon_core.package_identification:_identify(trajectoire_save) by extension 'colcon_pkg'
[0.425s] Level 1:colcon.colcon_core.package_identification:_identify(trajectoire_save) by extensions ['colcon_meta']
[0.425s] Level 1:colcon.colcon_core.package_identification:_identify(trajectoire_save) by extension 'colcon_meta'
[0.425s] Level 1:colcon.colcon_core.package_identification:_identify(trajectoire_save) by extensions ['ros']
[0.425s] Level 1:colcon.colcon_core.package_identification:_identify(trajectoire_save) by extension 'ros'
[0.425s] Level 1:colcon.colcon_core.package_identification:_identify(trajectoire_save) by extensions ['cmake', 'python']
[0.425s] Level 1:colcon.colcon_core.package_identification:_identify(trajectoire_save) by extension 'cmake'
[0.425s] Level 1:colcon.colcon_core.package_identification:_identify(trajectoire_save) by extension 'python'
[0.425s] Level 1:colcon.colcon_core.package_identification:_identify(trajectoire_save) by extensions ['python_setup_py']
[0.425s] Level 1:colcon.colcon_core.package_identification:_identify(trajectoire_save) by extension 'python_setup_py'
[0.426s] Level 1:colcon.colcon_core.package_discovery:discover_packages(recursive) using defaults
[0.426s] Level 1:colcon.colcon_core.package_discovery:discover_packages(ignore) discover
[0.426s] Level 1:colcon.colcon_core.package_discovery:discover_packages(ignore) using defaults
[0.426s] Level 1:colcon.colcon_core.package_discovery:discover_packages(path) discover
[0.426s] Level 1:colcon.colcon_core.package_discovery:discover_packages(path) using defaults
[0.467s] Level 1:colcon.colcon_core.package_discovery:discover_packages(prefix_path) check parameters
[0.467s] Level 1:colcon.colcon_core.package_discovery:discover_packages(prefix_path) discover
[0.469s] DEBUG:colcon.colcon_installed_package_information.package_discovery:Found 1 installed packages in /home/guerinel/Documents/info_rob/ROS2/TP3_controle_robotique_turtlebot/install
[0.471s] DEBUG:colcon.colcon_installed_package_information.package_discovery:Found 372 installed packages in /opt/ros/humble
[0.473s] Level 1:colcon.colcon_core.package_discovery:discover_packages(prefix_path) using defaults
[0.533s] Level 5:colcon.colcon_core.verb:set package 'turtlebot_controller' build argument 'cmake_args' from command line to 'None'
[0.533s] Level 5:colcon.colcon_core.verb:set package 'turtlebot_controller' build argument 'cmake_target' from command line to 'None'
[0.533s] Level 5:colcon.colcon_core.verb:set package 'turtlebot_controller' build argument 'cmake_target_skip_unavailable' from command line to 'False'
[0.533s] Level 5:colcon.colcon_core.verb:set package 'turtlebot_controller' build argument 'cmake_clean_cache' from command line to 'False'
[0.533s] Level 5:colcon.colcon_core.verb:set package 'turtlebot_controller' build argument 'cmake_clean_first' from command line to 'False'
[0.533s] Level 5:colcon.colcon_core.verb:set package 'turtlebot_controller' build argument 'cmake_force_configure' from command line to 'False'
[0.533s] Level 5:colcon.colcon_core.verb:set package 'turtlebot_controller' build argument 'ament_cmake_args' from command line to 'None'
[0.533s] Level 5:colcon.colcon_core.verb:set package 'turtlebot_controller' build argument 'catkin_cmake_args' from command line to 'None'
[0.533s] Level 5:colcon.colcon_core.verb:set package 'turtlebot_controller' build argument 'catkin_skip_building_tests' from command line to 'False'
[0.533s] DEBUG:colcon.colcon_core.verb:Building package 'turtlebot_controller' with the following arguments: {'ament_cmake_args': None, 'build_base': '/home/guerinel/Documents/info_rob/ROS2/TP3_controle_robotique_turtlebot/build/turtlebot_controller', 'catkin_cmake_args': None, 'catkin_skip_building_tests': False, 'cmake_args': None, 'cmake_clean_cache': False, 'cmake_clean_first': False, 'cmake_force_configure': False, 'cmake_target': None, 'cmake_target_skip_unavailable': False, 'install_base': '/home/guerinel/Documents/info_rob/ROS2/TP3_controle_robotique_turtlebot/install/turtlebot_controller', 'merge_install': False, 'path': '/home/guerinel/Documents/info_rob/ROS2/TP3_controle_robotique_turtlebot/src/turtlebot_controller', 'symlink_install': False, 'test_result_base': None}
[0.534s] INFO:colcon.colcon_core.executor:Executing jobs using 'parallel' executor
[0.535s] DEBUG:colcon.colcon_parallel_executor.executor.parallel:run_until_complete
[0.535s] INFO:colcon.colcon_ros.task.ament_python.build:Building ROS package in '/home/guerinel/Documents/info_rob/ROS2/TP3_controle_robotique_turtlebot/src/turtlebot_controller' with build type 'ament_python'
[0.535s] Level 1:colcon.colcon_core.shell:create_environment_hook('turtlebot_controller', 'ament_prefix_path')
[0.539s] INFO:colcon.colcon_core.plugin_system:Skipping extension 'colcon_core.shell.bat': Not used on non-Windows systems
[0.539s] INFO:colcon.colcon_core.shell:Creating environment hook '/home/guerinel/Documents/info_rob/ROS2/TP3_controle_robotique_turtlebot/install/turtlebot_controller/share/turtlebot_controller/hook/ament_prefix_path.ps1'
[0.540s] INFO:colcon.colcon_core.shell:Creating environment descriptor '/home/guerinel/Documents/info_rob/ROS2/TP3_controle_robotique_turtlebot/install/turtlebot_controller/share/turtlebot_controller/hook/ament_prefix_path.dsv'
[0.540s] INFO:colcon.colcon_core.shell:Creating environment hook '/home/guerinel/Documents/info_rob/ROS2/TP3_controle_robotique_turtlebot/install/turtlebot_controller/share/turtlebot_controller/hook/ament_prefix_path.sh'
[0.541s] INFO:colcon.colcon_core.shell:Skip shell extension 'powershell' for command environment: Not usable outside of PowerShell
[0.542s] DEBUG:colcon.colcon_core.shell:Skip shell extension 'dsv' for command environment
[0.893s] INFO:colcon.colcon_core.task.python.build:Building Python package in '/home/guerinel/Documents/info_rob/ROS2/TP3_controle_robotique_turtlebot/src/turtlebot_controller'
[0.894s] INFO:colcon.colcon_core.shell:Skip shell extension 'powershell' for command environment: Not usable outside of PowerShell
[0.894s] DEBUG:colcon.colcon_core.shell:Skip shell extension 'dsv' for command environment
[1.374s] DEBUG:colcon.colcon_core.event_handler.log_command:Invoking command in '/home/guerinel/Documents/info_rob/ROS2/TP3_controle_robotique_turtlebot/src/turtlebot_controller': CONDA_PROMPT_MODIFIER=(base) PYTHONPATH=/home/guerinel/Documents/info_rob/ROS2/TP3_controle_robotique_turtlebot/build/turtlebot_controller/prefix_override:/usr/lib/python3/dist-packages/colcon_core/task/python/colcon_distutils_commands:/home/guerinel/Documents/info_rob/ROS2/TP3_controle_robotique_turtlebot/install/turtlebot_controller/lib/python3.10/site-packages:${PYTHONPATH} /usr/bin/python3 -W ignore:setup.py install is deprecated -W ignore:easy_install command is deprecated setup.py egg_info --egg-base ../../build/turtlebot_controller build --build-base /home/guerinel/Documents/info_rob/ROS2/TP3_controle_robotique_turtlebot/build/turtlebot_controller/build install --record /home/guerinel/Documents/info_rob/ROS2/TP3_controle_robotique_turtlebot/build/turtlebot_controller/install.log --single-version-externally-managed install_data
[1.769s] DEBUG:colcon.colcon_core.event_handler.log_command:Invoked command in '/home/guerinel/Documents/info_rob/ROS2/TP3_controle_robotique_turtlebot/src/turtlebot_controller' returned '0': CONDA_PROMPT_MODIFIER=(base) PYTHONPATH=/home/guerinel/Documents/info_rob/ROS2/TP3_controle_robotique_turtlebot/build/turtlebot_controller/prefix_override:/usr/lib/python3/dist-packages/colcon_core/task/python/colcon_distutils_commands:/home/guerinel/Documents/info_rob/ROS2/TP3_controle_robotique_turtlebot/install/turtlebot_controller/lib/python3.10/site-packages:${PYTHONPATH} /usr/bin/python3 -W ignore:setup.py install is deprecated -W ignore:easy_install command is deprecated setup.py egg_info --egg-base ../../build/turtlebot_controller build --build-base /home/guerinel/Documents/info_rob/ROS2/TP3_controle_robotique_turtlebot/build/turtlebot_controller/build install --record /home/guerinel/Documents/info_rob/ROS2/TP3_controle_robotique_turtlebot/build/turtlebot_controller/install.log --single-version-externally-managed install_data
[1.772s] Level 1:colcon.colcon_core.environment:checking '/home/guerinel/Documents/info_rob/ROS2/TP3_controle_robotique_turtlebot/install/turtlebot_controller' for CMake module files
[1.773s] Level 1:colcon.colcon_core.environment:checking '/home/guerinel/Documents/info_rob/ROS2/TP3_controle_robotique_turtlebot/install/turtlebot_controller' for CMake config files
[1.775s] Level 1:colcon.colcon_core.environment:checking '/home/guerinel/Documents/info_rob/ROS2/TP3_controle_robotique_turtlebot/install/turtlebot_controller/lib'
[1.775s] Level 1:colcon.colcon_core.environment:checking '/home/guerinel/Documents/info_rob/ROS2/TP3_controle_robotique_turtlebot/install/turtlebot_controller/bin'
[1.775s] Level 1:colcon.colcon_core.environment:checking '/home/guerinel/Documents/info_rob/ROS2/TP3_controle_robotique_turtlebot/install/turtlebot_controller/lib/pkgconfig/turtlebot_controller.pc'
[1.775s] Level 1:colcon.colcon_core.environment:checking '/home/guerinel/Documents/info_rob/ROS2/TP3_controle_robotique_turtlebot/install/turtlebot_controller/lib/python3.10/site-packages'
[1.776s] Level 1:colcon.colcon_core.shell:create_environment_hook('turtlebot_controller', 'pythonpath')
[1.776s] INFO:colcon.colcon_core.shell:Creating environment hook '/home/guerinel/Documents/info_rob/ROS2/TP3_controle_robotique_turtlebot/install/turtlebot_controller/share/turtlebot_controller/hook/pythonpath.ps1'
[1.777s] INFO:colcon.colcon_core.shell:Creating environment descriptor '/home/guerinel/Documents/info_rob/ROS2/TP3_controle_robotique_turtlebot/install/turtlebot_controller/share/turtlebot_controller/hook/pythonpath.dsv'
[1.778s] INFO:colcon.colcon_core.shell:Creating environment hook '/home/guerinel/Documents/info_rob/ROS2/TP3_controle_robotique_turtlebot/install/turtlebot_controller/share/turtlebot_controller/hook/pythonpath.sh'
[1.779s] Level 1:colcon.colcon_core.environment:checking '/home/guerinel/Documents/info_rob/ROS2/TP3_controle_robotique_turtlebot/install/turtlebot_controller/bin'
[1.779s] Level 1:colcon.colcon_core.environment:create_environment_scripts_only(turtlebot_controller)
[1.780s] INFO:colcon.colcon_core.shell:Creating package script '/home/guerinel/Documents/info_rob/ROS2/TP3_controle_robotique_turtlebot/install/turtlebot_controller/share/turtlebot_controller/package.ps1'
[1.782s] INFO:colcon.colcon_core.shell:Creating package descriptor '/home/guerinel/Documents/info_rob/ROS2/TP3_controle_robotique_turtlebot/install/turtlebot_controller/share/turtlebot_controller/package.dsv'
[1.783s] INFO:colcon.colcon_core.shell:Creating package script '/home/guerinel/Documents/info_rob/ROS2/TP3_controle_robotique_turtlebot/install/turtlebot_controller/share/turtlebot_controller/package.sh'
[1.784s] INFO:colcon.colcon_core.shell:Creating package script '/home/guerinel/Documents/info_rob/ROS2/TP3_controle_robotique_turtlebot/install/turtlebot_controller/share/turtlebot_controller/package.bash'
[1.786s] INFO:colcon.colcon_core.shell:Creating package script '/home/guerinel/Documents/info_rob/ROS2/TP3_controle_robotique_turtlebot/install/turtlebot_controller/share/turtlebot_controller/package.zsh'
[1.787s] Level 1:colcon.colcon_core.environment:create_file_with_runtime_dependencies(/home/guerinel/Documents/info_rob/ROS2/TP3_controle_robotique_turtlebot/install/turtlebot_controller/share/colcon-core/packages/turtlebot_controller)
[1.788s] DEBUG:colcon.colcon_parallel_executor.executor.parallel:closing loop
[1.789s] DEBUG:colcon.colcon_parallel_executor.executor.parallel:loop closed
[1.789s] DEBUG:colcon.colcon_parallel_executor.executor.parallel:run_until_complete finished with '0'
[1.789s] DEBUG:colcon.colcon_core.event_reactor:joining thread
[1.799s] INFO:colcon.colcon_core.plugin_system:Skipping extension 'colcon_notification.desktop_notification.terminal_notifier': Not used on non-Darwin systems
[1.799s] INFO:colcon.colcon_core.plugin_system:Skipping extension 'colcon_notification.desktop_notification.win32': Not used on non-Windows systems
[1.799s] INFO:colcon.colcon_notification.desktop_notification:Sending desktop notification using 'notify2'
[1.820s] DEBUG:colcon.colcon_core.event_reactor:joined thread
[1.820s] INFO:colcon.colcon_core.shell:Creating prefix script '/home/guerinel/Documents/info_rob/ROS2/TP3_controle_robotique_turtlebot/install/local_setup.ps1'
[1.823s] INFO:colcon.colcon_core.shell:Creating prefix util module '/home/guerinel/Documents/info_rob/ROS2/TP3_controle_robotique_turtlebot/install/_local_setup_util_ps1.py'
[1.826s] INFO:colcon.colcon_core.shell:Creating prefix chain script '/home/guerinel/Documents/info_rob/ROS2/TP3_controle_robotique_turtlebot/install/setup.ps1'
[1.828s] INFO:colcon.colcon_core.shell:Creating prefix script '/home/guerinel/Documents/info_rob/ROS2/TP3_controle_robotique_turtlebot/install/local_setup.sh'
[1.829s] INFO:colcon.colcon_core.shell:Creating prefix util module '/home/guerinel/Documents/info_rob/ROS2/TP3_controle_robotique_turtlebot/install/_local_setup_util_sh.py'
[1.830s] INFO:colcon.colcon_core.shell:Creating prefix chain script '/home/guerinel/Documents/info_rob/ROS2/TP3_controle_robotique_turtlebot/install/setup.sh'
[1.833s] INFO:colcon.colcon_core.shell:Creating prefix script '/home/guerinel/Documents/info_rob/ROS2/TP3_controle_robotique_turtlebot/install/local_setup.bash'
[1.834s] INFO:colcon.colcon_core.shell:Creating prefix chain script '/home/guerinel/Documents/info_rob/ROS2/TP3_controle_robotique_turtlebot/install/setup.bash'
[1.836s] INFO:colcon.colcon_core.shell:Creating prefix script '/home/guerinel/Documents/info_rob/ROS2/TP3_controle_robotique_turtlebot/install/local_setup.zsh'
[1.837s] INFO:colcon.colcon_core.shell:Creating prefix chain script '/home/guerinel/Documents/info_rob/ROS2/TP3_controle_robotique_turtlebot/install/setup.zsh'
