running egg_info
writing ../../build/turtlebot_controller/turtlebot_controller.egg-info/PKG-INFO
writing dependency_links to ../../build/turtlebot_controller/turtlebot_controller.egg-info/dependency_links.txt
writing entry points to ../../build/turtlebot_controller/turtlebot_controller.egg-info/entry_points.txt
writing requirements to ../../build/turtlebot_controller/turtlebot_controller.egg-info/requires.txt
writing top-level names to ../../build/turtlebot_controller/turtlebot_controller.egg-info/top_level.txt
reading manifest file '../../build/turtlebot_controller/turtlebot_controller.egg-info/SOURCES.txt'
writing manifest file '../../build/turtlebot_controller/turtlebot_controller.egg-info/SOURCES.txt'
running build
running build_py
copying turtlebot_controller/traj_enregistrement.py -> /home/guerinel/Documents/info_rob/ROS2/TP3_controle_robotique_turtlebot/build/turtlebot_controller/build/lib/turtlebot_controller
running install
running install_lib
copying /home/guerinel/Documents/info_rob/ROS2/TP3_controle_robotique_turtlebot/build/turtlebot_controller/build/lib/turtlebot_controller/traj_enregistrement.py -> /home/guerinel/Documents/info_rob/ROS2/TP3_controle_robotique_turtlebot/install/turtlebot_controller/lib/python3.10/site-packages/turtlebot_controller
byte-compiling /home/guerinel/Documents/info_rob/ROS2/TP3_controle_robotique_turtlebot/install/turtlebot_controller/lib/python3.10/site-packages/turtlebot_controller/traj_enregistrement.py to traj_enregistrement.cpython-310.pyc
running install_data
running install_egg_info
removing '/home/guerinel/Documents/info_rob/ROS2/TP3_controle_robotique_turtlebot/install/turtlebot_controller/lib/python3.10/site-packages/turtlebot_controller-0.0.0-py3.10.egg-info' (and everything under it)
Copying ../../build/turtlebot_controller/turtlebot_controller.egg-info to /home/guerinel/Documents/info_rob/ROS2/TP3_controle_robotique_turtlebot/install/turtlebot_controller/lib/python3.10/site-packages/turtlebot_controller-0.0.0-py3.10.egg-info
running install_scripts
Installing teleop_keyboard script to /home/guerinel/Documents/info_rob/ROS2/TP3_controle_robotique_turtlebot/install/turtlebot_controller/lib/turtlebot_controller
Installing traj_enregistrement script to /home/guerinel/Documents/info_rob/ROS2/TP3_controle_robotique_turtlebot/install/turtlebot_controller/lib/turtlebot_controller
writing list of installed files to '/home/guerinel/Documents/info_rob/ROS2/TP3_controle_robotique_turtlebot/build/turtlebot_controller/install.log'
