[0.948s] Invoking command in '/home/guerinel/Documents/info_rob/ROS2/TP3_controle_robotique_turtlebot/src/turtlebot_controller': CONDA_PROMPT_MODIFIER=(base) PYTHONPATH=/home/guerinel/Documents/info_rob/ROS2/TP3_controle_robotique_turtlebot/build/turtlebot_controller/prefix_override:/usr/lib/python3/dist-packages/colcon_core/task/python/colcon_distutils_commands:/home/guerinel/Documents/info_rob/ROS2/TP3_controle_robotique_turtlebot/install/turtlebot_controller/lib/python3.10/site-packages:${PYTHONPATH} /usr/bin/python3 -W ignore:setup.py install is deprecated -W ignore:easy_install command is deprecated setup.py egg_info --egg-base ../../build/turtlebot_controller build --build-base /home/guerinel/Documents/info_rob/ROS2/TP3_controle_robotique_turtlebot/build/turtlebot_controller/build install --record /home/guerinel/Documents/info_rob/ROS2/TP3_controle_robotique_turtlebot/build/turtlebot_controller/install.log --single-version-externally-managed install_data
[1.265s] running egg_info
[1.265s] writing ../../build/turtlebot_controller/turtlebot_controller.egg-info/PKG-INFO
[1.266s] writing dependency_links to ../../build/turtlebot_controller/turtlebot_controller.egg-info/dependency_links.txt
[1.266s] writing entry points to ../../build/turtlebot_controller/turtlebot_controller.egg-info/entry_points.txt
[1.266s] writing requirements to ../../build/turtlebot_controller/turtlebot_controller.egg-info/requires.txt
[1.266s] writing top-level names to ../../build/turtlebot_controller/turtlebot_controller.egg-info/top_level.txt
[1.268s] reading manifest file '../../build/turtlebot_controller/turtlebot_controller.egg-info/SOURCES.txt'
[1.276s] writing manifest file '../../build/turtlebot_controller/turtlebot_controller.egg-info/SOURCES.txt'
[1.277s] running build
[1.277s] running build_py
[1.277s] copying turtlebot_controller/traj_enregistrement.py -> /home/guerinel/Documents/info_rob/ROS2/TP3_controle_robotique_turtlebot/build/turtlebot_controller/build/lib/turtlebot_controller
[1.277s] copying turtlebot_controller/traj_annalyse.py -> /home/guerinel/Documents/info_rob/ROS2/TP3_controle_robotique_turtlebot/build/turtlebot_controller/build/lib/turtlebot_controller
[1.278s] copying turtlebot_controller/traj_rejeu.py -> /home/guerinel/Documents/info_rob/ROS2/TP3_controle_robotique_turtlebot/build/turtlebot_controller/build/lib/turtlebot_controller
[1.278s] running install
[1.278s] running install_lib
[1.280s] copying /home/guerinel/Documents/info_rob/ROS2/TP3_controle_robotique_turtlebot/build/turtlebot_controller/build/lib/turtlebot_controller/traj_enregistrement.py -> /home/guerinel/Documents/info_rob/ROS2/TP3_controle_robotique_turtlebot/install/turtlebot_controller/lib/python3.10/site-packages/turtlebot_controller
[1.280s] copying /home/guerinel/Documents/info_rob/ROS2/TP3_controle_robotique_turtlebot/build/turtlebot_controller/build/lib/turtlebot_controller/traj_annalyse.py -> /home/guerinel/Documents/info_rob/ROS2/TP3_controle_robotique_turtlebot/install/turtlebot_controller/lib/python3.10/site-packages/turtlebot_controller
[1.280s] copying /home/guerinel/Documents/info_rob/ROS2/TP3_controle_robotique_turtlebot/build/turtlebot_controller/build/lib/turtlebot_controller/traj_rejeu.py -> /home/guerinel/Documents/info_rob/ROS2/TP3_controle_robotique_turtlebot/install/turtlebot_controller/lib/python3.10/site-packages/turtlebot_controller
[1.281s] byte-compiling /home/guerinel/Documents/info_rob/ROS2/TP3_controle_robotique_turtlebot/install/turtlebot_controller/lib/python3.10/site-packages/turtlebot_controller/traj_enregistrement.py to traj_enregistrement.cpython-310.pyc
[1.282s] byte-compiling /home/guerinel/Documents/info_rob/ROS2/TP3_controle_robotique_turtlebot/install/turtlebot_controller/lib/python3.10/site-packages/turtlebot_controller/traj_annalyse.py to traj_annalyse.cpython-310.pyc
[1.284s] byte-compiling /home/guerinel/Documents/info_rob/ROS2/TP3_controle_robotique_turtlebot/install/turtlebot_controller/lib/python3.10/site-packages/turtlebot_controller/traj_rejeu.py to traj_rejeu.cpython-310.pyc
[1.284s] running install_data
[1.284s] running install_egg_info
[1.287s] removing '/home/guerinel/Documents/info_rob/ROS2/TP3_controle_robotique_turtlebot/install/turtlebot_controller/lib/python3.10/site-packages/turtlebot_controller-0.0.0-py3.10.egg-info' (and everything under it)
[1.287s] Copying ../../build/turtlebot_controller/turtlebot_controller.egg-info to /home/guerinel/Documents/info_rob/ROS2/TP3_controle_robotique_turtlebot/install/turtlebot_controller/lib/python3.10/site-packages/turtlebot_controller-0.0.0-py3.10.egg-info
[1.288s] running install_scripts
[1.314s] Installing teleop_keyboard script to /home/guerinel/Documents/info_rob/ROS2/TP3_controle_robotique_turtlebot/install/turtlebot_controller/lib/turtlebot_controller
[1.315s] Installing traj_enregistrement script to /home/guerinel/Documents/info_rob/ROS2/TP3_controle_robotique_turtlebot/install/turtlebot_controller/lib/turtlebot_controller
[1.315s] Installing traj_rejeu script to /home/guerinel/Documents/info_rob/ROS2/TP3_controle_robotique_turtlebot/install/turtlebot_controller/lib/turtlebot_controller
[1.315s] writing list of installed files to '/home/guerinel/Documents/info_rob/ROS2/TP3_controle_robotique_turtlebot/build/turtlebot_controller/install.log'
[1.353s] Invoked command in '/home/guerinel/Documents/info_rob/ROS2/TP3_controle_robotique_turtlebot/src/turtlebot_controller' returned '0': CONDA_PROMPT_MODIFIER=(base) PYTHONPATH=/home/guerinel/Documents/info_rob/ROS2/TP3_controle_robotique_turtlebot/build/turtlebot_controller/prefix_override:/usr/lib/python3/dist-packages/colcon_core/task/python/colcon_distutils_commands:/home/guerinel/Documents/info_rob/ROS2/TP3_controle_robotique_turtlebot/install/turtlebot_controller/lib/python3.10/site-packages:${PYTHONPATH} /usr/bin/python3 -W ignore:setup.py install is deprecated -W ignore:easy_install command is deprecated setup.py egg_info --egg-base ../../build/turtlebot_controller build --build-base /home/guerinel/Documents/info_rob/ROS2/TP3_controle_robotique_turtlebot/build/turtlebot_controller/build install --record /home/guerinel/Documents/info_rob/ROS2/TP3_controle_robotique_turtlebot/build/turtlebot_controller/install.log --single-version-externally-managed install_data
